[2018-08-24 16:43:49.860] [sharedprocess] [info] main {"machineId":"ef603fab637a5161047d6b449972d7a5277f2a9322d5e63036df57e53e343c31"}
[2018-08-24 16:43:49.886] [sharedprocess] [info] Scanned user extensions: 0
[2018-08-24 16:43:49.898] [sharedprocess] [info] Scanned user extensions: 0
[2018-08-24 16:43:49.900] [sharedprocess] [info] Scanned user extensions: 0
[2018-08-24 16:43:49.903] [sharedprocess] [info] Scanned user extensions: 0
[2018-08-24 16:43:49.946] [sharedprocess] [info] Scanned system extensions: 71
[2018-08-24 16:43:49.948] [sharedprocess] [info] Scanned system extensions: 71
[2018-08-24 16:43:49.950] [sharedprocess] [info] Scanned system extensions: 71
[2018-08-24 16:43:50.813] [sharedprocess] [info] Scanned user extensions: 0
[2018-08-24 16:43:50.815] [sharedprocess] [info] Scanned user extensions: 0
[2018-08-24 16:43:55.784] [sharedprocess] [info] Scanned user extensions: 0
[2018-08-24 16:43:55.785] [sharedprocess] [info] Scanned user extensions: 0
[2018-08-24 16:43:55.786] [sharedprocess] [info] Scanned user extensions: 0
[2018-08-24 16:43:55.817] [sharedprocess] [info] Scanned system extensions: 71
[2018-08-24 16:43:55.819] [sharedprocess] [info] Scanned system extensions: 71
[2018-08-24 16:44:02.059] [sharedprocess] [info] Installing extension: csharp
[2018-08-24 16:44:02.061] [sharedprocess] [info] Scanned user extensions: 0
[2018-08-24 16:44:03.609] [sharedprocess] [info] Scanned user extensions: 0
[2018-08-24 16:44:03.611] [sharedprocess] [info] Scanned user extensions: 0
[2018-08-24 16:44:03.614] [sharedprocess] [info] Scanned user extensions: 0
[2018-08-24 16:44:03.667] [sharedprocess] [info] Scanned system extensions: 71
[2018-08-24 16:44:03.669] [sharedprocess] [info] Scanned system extensions: 71
[2018-08-24 16:44:03.671] [sharedprocess] [info] Scanned system extensions: 71
[2018-08-24 16:44:03.739] [sharedprocess] [info] Downloaded extension: csharp /tmp/d4207e61-7e5d-4c84-95dd-b1bf28a844c0
[2018-08-24 16:44:05.399] [sharedprocess] [info] Extracted extension to /home/uygar/.vscode/extensions/.ms-vscode.csharp-1.15.2: ms-vscode.csharp-1.15.2
[2018-08-24 16:44:05.399] [sharedprocess] [info] Renamed to /home/uygar/.vscode/extensions/ms-vscode.csharp-1.15.2
[2018-08-24 16:44:05.399] [sharedprocess] [info] Installation completed. ms-vscode.csharp-1.15.2
[2018-08-24 16:44:05.417] [sharedprocess] [info] Extensions installed successfully: ms-vscode.csharp
[2018-08-24 16:44:05.537] [sharedprocess] [info] Scanned user extensions: 1
[2018-08-24 16:44:05.575] [sharedprocess] [info] Scanned system extensions: 71
[2018-08-24 16:44:08.993] [sharedprocess] [info] Installing extension: unity-debug
[2018-08-24 16:44:08.996] [sharedprocess] [info] Scanned user extensions: 1
[2018-08-24 16:44:09.919] [sharedprocess] [info] Downloaded extension: unity-debug /tmp/d7ab3399-87b9-4b7b-8af0-abce33d68d3a
[2018-08-24 16:44:10.013] [sharedprocess] [info] Extracted extension to /home/uygar/.vscode/extensions/.unity.unity-debug-1.3.0: unity.unity-debug-1.3.0
[2018-08-24 16:44:10.013] [sharedprocess] [info] Renamed to /home/uygar/.vscode/extensions/unity.unity-debug-1.3.0
[2018-08-24 16:44:10.013] [sharedprocess] [info] Installation completed. unity.unity-debug-1.3.0
[2018-08-24 16:44:10.016] [sharedprocess] [info] Extensions installed successfully: unity.unity-debug
[2018-08-24 16:44:10.141] [sharedprocess] [info] Scanned user extensions: 2
[2018-08-24 16:44:10.171] [sharedprocess] [info] Scanned system extensions: 71
[2018-08-24 16:44:29.863] [sharedprocess] [info] Starting to clean up unused language packs.
[2018-08-24 16:48:50.830] [sharedprocess] [info] Scanned user extensions: 2
[2018-08-24 16:53:50.859] [sharedprocess] [info] Scanned user extensions: 2
[2018-08-24 16:58:50.882] [sharedprocess] [info] Scanned user extensions: 2
[2018-08-24 17:03:50.903] [sharedprocess] [info] Scanned user extensions: 2
[2018-08-24 17:08:50.930] [sharedprocess] [info] Scanned user extensions: 2
[2018-08-24 17:13:50.945] [sharedprocess] [info] Scanned user extensions: 2
[2018-08-24 17:16:45.773] [sharedprocess] [info] Scanned user extensions: 2
[2018-08-24 17:16:45.779] [sharedprocess] [info] Scanned user extensions: 2
[2018-08-24 17:16:45.785] [sharedprocess] [info] Scanned user extensions: 2
[2018-08-24 17:16:45.841] [sharedprocess] [info] Scanned system extensions: 71
[2018-08-24 17:16:45.845] [sharedprocess] [info] Scanned system extensions: 71
[2018-08-24 17:16:48.437] [sharedprocess] [info] Scanned user extensions: 2
[2018-08-24 17:16:48.441] [sharedprocess] [info] Scanned user extensions: 2
[2018-08-24 17:16:51.327] [sharedprocess] [info] Scanned user extensions: 2
