[2018-09-07 16:56:01.324] [exthost1] [info] extension host started
[2018-09-07 16:56:01.341] [exthost1] [info] ExtensionService#_doActivateExtension vscode.debug-auto-launch {"startup":true,"activationEvent":"*"}
[2018-09-07 16:56:01.341] [exthost1] [info] ExtensionService#loadCommonJSModule /usr/share/code/resources/app/extensions/debug-auto-launch/out/extension
[2018-09-07 16:56:01.351] [exthost1] [info] ExtensionService#_doActivateExtension vscode.emmet {"startup":true,"activationEvent":"*"}
[2018-09-07 16:56:01.351] [exthost1] [info] ExtensionService#loadCommonJSModule /usr/share/code/resources/app/extensions/emmet/out/extension
[2018-09-07 16:56:01.407] [exthost1] [info] ExtensionService#_doActivateExtension vscode.git {"startup":true,"activationEvent":"*"}
[2018-09-07 16:56:01.407] [exthost1] [info] ExtensionService#loadCommonJSModule /usr/share/code/resources/app/extensions/git/out/main
[2018-09-07 16:56:01.575] [exthost1] [info] ExtensionService#_doActivateExtension vscode.merge-conflict {"startup":true,"activationEvent":"*"}
[2018-09-07 16:56:01.575] [exthost1] [info] ExtensionService#loadCommonJSModule /usr/share/code/resources/app/extensions/merge-conflict/out/extension
[2018-09-07 16:56:01.587] [exthost1] [info] ExtensionService#_doActivateExtension vscode.search-rg {"startup":true,"activationEvent":"*"}
[2018-09-07 16:56:01.587] [exthost1] [info] ExtensionService#loadCommonJSModule /usr/share/code/resources/app/extensions/search-rg/out/extension
[2018-09-07 16:56:01.841] [exthost1] [info] ExtensionService#_doActivateExtension ms-vscode.csharp {"startup":true,"activationEvent":"workspaceContains:*.csproj,*.sln,*.csx,*.cake,**/*.csproj,**/*.sln,**/*.csx,**/*.cake"}
[2018-09-07 16:56:01.841] [exthost1] [info] ExtensionService#loadCommonJSModule /home/uygar/.vscode/extensions/ms-vscode.csharp-1.15.2/out/src/main
[2018-09-07 16:56:02.087] [exthost1] [info] eager extensions activated
[2018-09-07 17:36:39.885] [exthost1] [info] ExtensionService#_doActivateExtension vscode.configuration-editing {"startup":false,"activationEvent":"onLanguage:jsonc"}
[2018-09-07 17:36:39.885] [exthost1] [info] ExtensionService#loadCommonJSModule /usr/share/code/resources/app/extensions/configuration-editing/out/extension
[2018-09-07 17:36:39.901] [exthost1] [info] ExtensionService#_doActivateExtension vscode.json-language-features {"startup":false,"activationEvent":"onLanguage:jsonc"}
[2018-09-07 17:36:39.902] [exthost1] [info] ExtensionService#loadCommonJSModule /usr/share/code/resources/app/extensions/json-language-features/client/out/jsonMain
[2018-09-07 17:36:40.034] [exthost1] [info] ExtensionService#_doActivateExtension vscode.typescript-language-features {"startup":false,"activationEvent":"onLanguage:jsonc"}
[2018-09-07 17:36:40.034] [exthost1] [info] ExtensionService#loadCommonJSModule /usr/share/code/resources/app/extensions/typescript-language-features/out/extension
